<?xml version="1.0" encoding="UTF-8"?>
<!-- Generated by org.testng.reporters.JUnitReportReporter -->
<testsuite hostname="DESKTOP-9M5IC3D" failures="0" tests="1" name="TC_Repo.LE_03" time="64.122" errors="0" timestamp="2024-08-31T14:44:23 IST" skipped="0">
  <testcase classname="TC_Repo.LE_03" name="le_03" time="64.122"/>
  <system-out/>
</testsuite> <!-- TC_Repo.LE_03 -->
