<?xml version="1.0" encoding="UTF-8"?>
<!-- Generated by org.testng.reporters.JUnitReportReporter -->
<testsuite hostname="DESKTOP-9M5IC3D" failures="0" tests="2" name="org.Sample.Sample3" time="0.023" errors="0" timestamp="2024-08-27T16:02:36 IST" skipped="1">
  <testcase classname="org.Sample.Sample3" name="createUser" time="0.023"/>
  <system-out/>
  <testcase classname="org.Sample.Sample3" name="modifiedUser">
    <skipped/>
  </testcase> <!-- modifiedUser -->
  <system-out/>
</testsuite> <!-- org.Sample.Sample3 -->
