<?xml version="1.0" encoding="UTF-8"?>
<!-- Generated by org.testng.reporters.JUnitReportReporter -->
<testsuite hostname="DESKTOP-9M5IC3D" failures="0" tests="9" name="org.Sample.Sample2" time="0.058" errors="0" timestamp="2024-08-27T15:58:47 IST" skipped="0">
  <testcase classname="org.Sample.Sample2" name="createUser" time="0.003"/>
  <system-out/>
  <testcase classname="org.Sample.Sample2" name="createUser" time="0.006"/>
  <system-out/>
  <testcase classname="org.Sample.Sample2" name="createUser" time="0.021"/>
  <system-out/>
  <testcase classname="org.Sample.Sample2" name="createUser" time="0.003"/>
  <system-out/>
  <testcase classname="org.Sample.Sample2" name="createUser" time="0.009"/>
  <system-out/>
  <testcase classname="org.Sample.Sample2" name="createUser" time="0.003"/>
  <system-out/>
  <testcase classname="org.Sample.Sample2" name="createUser" time="0.007"/>
  <system-out/>
  <testcase classname="org.Sample.Sample2" name="modifiedUser" time="0.004"/>
  <system-out/>
  <testcase classname="org.Sample.Sample2" name="deleteUser" time="0.002"/>
  <system-out/>
</testsuite> <!-- org.Sample.Sample2 -->
