<?xml version="1.0" encoding="UTF-8"?>
<!-- Generated by org.testng.reporters.JUnitReportReporter -->
<testsuite hostname="DESKTOP-9M5IC3D" failures="0" tests="3" name="org.Sample.Sample1" time="0.033" errors="0" timestamp="2024-08-27T15:56:06 IST" skipped="0">
  <testcase classname="org.Sample.Sample1" name="createUser" time="0.023"/>
  <system-out/>
  <testcase classname="org.Sample.Sample1" name="modifiedUser" time="0.005"/>
  <system-out/>
  <testcase classname="org.Sample.Sample1" name="deleteUser" time="0.005"/>
  <system-out/>
</testsuite> <!-- org.Sample.Sample1 -->
